<?xml version="1.0" encoding="utf-8"?><testsuites name="pytest tests"><testsuite name="pytest" errors="0" failures="0" skipped="0" tests="14" time="1.926" timestamp="2026-05-06T07:40:48.973387+00:00" hostname="agent-env-c7a4f515-5d03-4194-8e7b-10ad928178f8"><testcase classname="backend.tests.test_chapter_gating_security.TestPublicBookStripping" name="test_public_books_list_strips_paid_content" time="0.520" /><testcase classname="backend.tests.test_chapter_gating_security.TestPublicBookStripping" name="test_public_book_detail_strips_paid_content" time="0.096" /><testcase classname="backend.tests.test_chapter_gating_security.TestPublicBookStripping" name="test_public_book_body_does_not_contain_paid_content_raw" time="0.183" /><testcase classname="backend.tests.test_chapter_gating_security.TestAdminBookUntouched" name="test_admin_books_requires_auth" time="0.045" /><testcase classname="backend.tests.test_chapter_gating_security.TestAdminBookUntouched" name="test_admin_books_returns_full_content" time="0.045" /><testcase classname="backend.tests.test_chapter_gating_security.TestReaderChapterEndpoint" name="test_guest_preview_returns_content" time="0.047" /><testcase classname="backend.tests.test_chapter_gating_security.TestReaderChapterEndpoint" name="test_guest_paid_returns_locked_auth_required_no_content" time="0.044" /><testcase classname="backend.tests.test_chapter_gating_security.TestReaderChapterEndpoint" name="test_user_zero_balance_paid_returns_locked_insufficient" time="0.360" /><testcase classname="backend.tests.test_chapter_gating_security.TestReaderChapterEndpoint" name="test_user_positive_balance_paid_returns_content" time="0.138" /><testcase classname="backend.tests.test_chapter_gating_security.TestReaderChapterEndpoint" name="test_blocked_user_gets_blocked_reason_no_content" time="0.191" /><testcase classname="backend.tests.test_chapter_gating_security.TestReaderChapterEndpoint" name="test_admin_token_unlocks_paid" time="0.050" /><testcase classname="backend.tests.test_chapter_gating_security.TestReaderChapterEndpoint" name="test_nonexistent_chapter_returns_404" time="0.047" /><testcase classname="backend.tests.test_chapter_gating_security.TestReaderChapterEndpoint" name="test_nonexistent_book_returns_404" time="0.046" /><testcase classname="backend.tests.test_chapter_gating_security.TestReaderChapterEndpoint" name="test_second_book_guest_paid_also_gated" time="0.046" /></testsuite></testsuites>