<?xml version="1.0" encoding="utf-8"?><testsuites name="pytest tests"><testsuite name="pytest" errors="0" failures="0" skipped="0" tests="19" time="2.990" timestamp="2026-05-06T08:34:20.639569+00:00" hostname="agent-env-c7a4f515-5d03-4194-8e7b-10ad928178f8"><testcase classname="backend.tests.test_payments_razorpay.TestPacksCatalogue" name="test_packs_returns_four_in_order" time="0.182" /><testcase classname="backend.tests.test_payments_razorpay.TestPacksCatalogue" name="test_pack_minutes_and_prices" time="0.042" /><testcase classname="backend.tests.test_payments_razorpay.TestPaymentsConfig" name="test_config_unconfigured" time="0.042" /><testcase classname="backend.tests.test_payments_razorpay.TestTopupCreate" name="test_topup_unauth_401" time="0.048" /><testcase classname="backend.tests.test_payments_razorpay.TestTopupCreate" name="test_topup_with_keys_missing_503" time="0.318" /><testcase classname="backend.tests.test_payments_razorpay.TestTopupCreate" name="test_topup_unknown_pack_400" time="0.042" /><testcase classname="backend.tests.test_payments_razorpay.TestSimulateTopup" name="test_simulate_topup_unauth_401" time="0.043" /><testcase classname="backend.tests.test_payments_razorpay.TestSimulateTopup" name="test_simulate_topup_creates_intent_for_caller" time="0.086" /><testcase classname="backend.tests.test_payments_razorpay.TestSimulateWebhookCredits" name="test_credit_and_idempotency" time="0.311" /><testcase classname="backend.tests.test_payments_razorpay.TestSimulateWebhookCredits" name="test_simulate_webhook_unauth_401" time="0.124" /><testcase classname="backend.tests.test_payments_razorpay.TestSimulateWebhookCredits" name="test_simulate_webhook_other_users_intent_403" time="0.360" /><testcase classname="backend.tests.test_payments_razorpay.TestSimulateWebhookCredits" name="test_simulate_webhook_nonexistent_404" time="0.044" /><testcase classname="backend.tests.test_payments_razorpay.TestPaymentsWebhookEntry" name="test_webhook_secret_missing_503" time="0.043" /><testcase classname="backend.tests.test_payments_razorpay.TestPaymentsVerify" name="test_verify_no_intent_404" time="0.044" /><testcase classname="backend.tests.test_payments_razorpay.TestMyIntents" name="test_me_intents_isolated" time="0.140" /><testcase classname="backend.tests.test_payments_razorpay.TestAdminPayments" name="test_admin_intents_lists_all" time="0.397" /><testcase classname="backend.tests.test_payments_razorpay.TestAdminPayments" name="test_admin_webhooks_lists_events" time="0.133" /><testcase classname="backend.tests.test_payments_razorpay.TestAdminPayments" name="test_admin_reconcile_idempotent" time="0.383" /><testcase classname="backend.tests.test_payments_razorpay.TestAdminPayments" name="test_admin_endpoints_reject_user_token" time="0.134" /></testsuite></testsuites>