<?xml version="1.0" encoding="utf-8"?><testsuites name="pytest tests"><testsuite name="pytest" errors="0" failures="0" skipped="0" tests="76" time="10.951" timestamp="2026-05-06T08:34:37.241045+00:00" hostname="agent-env-c7a4f515-5d03-4194-8e7b-10ad928178f8"><testcase classname="backend.tests.backend_test" name="test_categories" time="0.137" /><testcase classname="backend.tests.backend_test" name="test_featured" time="0.045" /><testcase classname="backend.tests.backend_test" name="test_books_list_and_detail" time="0.085" /><testcase classname="backend.tests.backend_test" name="test_blog_list_and_detail" time="0.088" /><testcase classname="backend.tests.backend_test" name="test_newsletter_subscribe_and_dedupe" time="0.085" /><testcase classname="backend.tests.backend_test" name="test_contact" time="0.042" /><testcase classname="backend.tests.backend_test" name="test_publishing_request_removed" time="0.044" /><testcase classname="backend.tests.backend_test" name="test_admin_publishing_requests_removed" time="0.040" /><testcase classname="backend.tests.backend_test" name="test_book_about_author_no_publishing_brand" time="0.042" /><testcase classname="backend.tests.backend_test" name="test_get_social_public_returns_5_keys" time="0.043" /><testcase classname="backend.tests.backend_test" name="test_put_social_requires_auth" time="0.041" /><testcase classname="backend.tests.backend_test" name="test_put_social_persists" time="0.390" /><testcase classname="backend.tests.backend_test" name="test_login_success" time="0.264" /><testcase classname="backend.tests.backend_test" name="test_login_invalid" time="0.303" /><testcase classname="backend.tests.backend_test" name="test_me_requires_token" time="0.040" /><testcase classname="backend.tests.backend_test" name="test_me_with_token" time="0.048" /><testcase classname="backend.tests.backend_test" name="test_admin_lists_require_auth" time="0.164" /><testcase classname="backend.tests.backend_test" name="test_admin_lists_with_auth" time="0.168" /><testcase classname="backend.tests.backend_test" name="test_admin_book_crud" time="0.215" /><testcase classname="backend.tests.backend_test" name="test_admin_blog_crud" time="0.144" /><testcase classname="backend.tests.backend_test" name="test_admin_category_crud" time="0.417" /><testcase classname="backend.tests.backend_test" name="test_admin_featured" time="0.043" /><testcase classname="backend.tests.backend_test" name="test_admin_crud_no_auth" time="0.081" /><testcase classname="backend.tests.test_chapter_gating_security.TestPublicBookStripping" name="test_public_books_list_strips_paid_content" time="0.402" /><testcase classname="backend.tests.test_chapter_gating_security.TestPublicBookStripping" name="test_public_book_detail_strips_paid_content" time="0.084" /><testcase classname="backend.tests.test_chapter_gating_security.TestPublicBookStripping" name="test_public_book_body_does_not_contain_paid_content_raw" time="0.170" /><testcase classname="backend.tests.test_chapter_gating_security.TestAdminBookUntouched" name="test_admin_books_requires_auth" time="0.044" /><testcase classname="backend.tests.test_chapter_gating_security.TestAdminBookUntouched" name="test_admin_books_returns_full_content" time="0.042" /><testcase classname="backend.tests.test_chapter_gating_security.TestReaderChapterEndpoint" name="test_guest_preview_returns_content" time="0.045" /><testcase classname="backend.tests.test_chapter_gating_security.TestReaderChapterEndpoint" name="test_guest_paid_returns_locked_auth_required_no_content" time="0.076" /><testcase classname="backend.tests.test_chapter_gating_security.TestReaderChapterEndpoint" name="test_user_zero_balance_paid_returns_locked_insufficient" time="0.357" /><testcase classname="backend.tests.test_chapter_gating_security.TestReaderChapterEndpoint" name="test_user_positive_balance_paid_returns_content" time="0.142" /><testcase classname="backend.tests.test_chapter_gating_security.TestReaderChapterEndpoint" name="test_blocked_user_gets_blocked_reason_no_content" time="0.177" /><testcase classname="backend.tests.test_chapter_gating_security.TestReaderChapterEndpoint" name="test_admin_token_unlocks_paid" time="0.043" /><testcase classname="backend.tests.test_chapter_gating_security.TestReaderChapterEndpoint" name="test_nonexistent_chapter_returns_404" time="0.043" /><testcase classname="backend.tests.test_chapter_gating_security.TestReaderChapterEndpoint" name="test_nonexistent_book_returns_404" time="0.042" /><testcase classname="backend.tests.test_chapter_gating_security.TestReaderChapterEndpoint" name="test_second_book_guest_paid_also_gated" time="0.043" /><testcase classname="backend.tests.test_payments_razorpay.TestPacksCatalogue" name="test_packs_returns_four_in_order" time="0.097" /><testcase classname="backend.tests.test_payments_razorpay.TestPacksCatalogue" name="test_pack_minutes_and_prices" time="0.044" /><testcase classname="backend.tests.test_payments_razorpay.TestPaymentsConfig" name="test_config_unconfigured" time="0.048" /><testcase classname="backend.tests.test_payments_razorpay.TestTopupCreate" name="test_topup_unauth_401" time="0.050" /><testcase classname="backend.tests.test_payments_razorpay.TestTopupCreate" name="test_topup_with_keys_missing_503" time="0.321" /><testcase classname="backend.tests.test_payments_razorpay.TestTopupCreate" name="test_topup_unknown_pack_400" time="0.048" /><testcase classname="backend.tests.test_payments_razorpay.TestSimulateTopup" name="test_simulate_topup_unauth_401" time="0.047" /><testcase classname="backend.tests.test_payments_razorpay.TestSimulateTopup" name="test_simulate_topup_creates_intent_for_caller" time="0.093" /><testcase classname="backend.tests.test_payments_razorpay.TestSimulateWebhookCredits" name="test_credit_and_idempotency" time="0.344" /><testcase classname="backend.tests.test_payments_razorpay.TestSimulateWebhookCredits" name="test_simulate_webhook_unauth_401" time="0.099" /><testcase classname="backend.tests.test_payments_razorpay.TestSimulateWebhookCredits" name="test_simulate_webhook_other_users_intent_403" time="0.382" /><testcase classname="backend.tests.test_payments_razorpay.TestSimulateWebhookCredits" name="test_simulate_webhook_nonexistent_404" time="0.043" /><testcase classname="backend.tests.test_payments_razorpay.TestPaymentsWebhookEntry" name="test_webhook_secret_missing_503" time="0.047" /><testcase classname="backend.tests.test_payments_razorpay.TestPaymentsVerify" name="test_verify_no_intent_404" time="0.059" /><testcase classname="backend.tests.test_payments_razorpay.TestMyIntents" name="test_me_intents_isolated" time="0.140" /><testcase classname="backend.tests.test_payments_razorpay.TestAdminPayments" name="test_admin_intents_lists_all" time="0.413" /><testcase classname="backend.tests.test_payments_razorpay.TestAdminPayments" name="test_admin_webhooks_lists_events" time="0.145" /><testcase classname="backend.tests.test_payments_razorpay.TestAdminPayments" name="test_admin_reconcile_idempotent" time="0.297" /><testcase classname="backend.tests.test_payments_razorpay.TestAdminPayments" name="test_admin_endpoints_reject_user_token" time="0.152" /><testcase classname="backend.tests.test_phase2_user_reader.TestUserAuth" name="test_signup_short_password_400" time="0.123" /><testcase classname="backend.tests.test_phase2_user_reader.TestUserAuth" name="test_signup_returns_token_and_user" time="0.269" /><testcase classname="backend.tests.test_phase2_user_reader.TestUserAuth" name="test_signup_normalizes_email_lowercase" time="0.265" /><testcase classname="backend.tests.test_phase2_user_reader.TestUserAuth" name="test_signup_duplicate_400" time="0.044" /><testcase classname="backend.tests.test_phase2_user_reader.TestUserAuth" name="test_login_wrong_password_401" time="0.266" /><testcase classname="backend.tests.test_phase2_user_reader.TestUserAuth" name="test_login_correct_returns_token" time="0.267" /><testcase classname="backend.tests.test_phase2_user_reader.TestUserAuth" name="test_users_me_with_user_token" time="0.046" /><testcase classname="backend.tests.test_phase2_user_reader.TestUserAuth" name="test_users_me_unauth_401" time="0.042" /><testcase classname="backend.tests.test_phase2_user_reader.TestCrossRoleIsolation" name="test_users_me_with_admin_token_403" time="0.309" /><testcase classname="backend.tests.test_phase2_user_reader.TestCrossRoleIsolation" name="test_admin_users_with_user_token_403" time="0.042" /><testcase classname="backend.tests.test_phase2_user_reader.TestCrossRoleIsolation" name="test_admin_users_with_admin_token_returns_users_only" time="0.060" /><testcase classname="backend.tests.test_phase2_user_reader.TestWalletAdjust" name="test_admin_credit_minutes" time="0.048" /><testcase classname="backend.tests.test_phase2_user_reader.TestWalletAdjust" name="test_admin_debit_clamped_at_zero" time="0.045" /><testcase classname="backend.tests.test_phase2_user_reader.TestWalletAdjust" name="test_admin_user_transactions_sorted_desc" time="0.045" /><testcase classname="backend.tests.test_phase2_user_reader.TestReaderFlow" name="test_session_start_unauth_401" time="0.091" /><testcase classname="backend.tests.test_phase2_user_reader.TestReaderFlow" name="test_session_start_paid_chapter_zero_balance_402" time="0.093" /><testcase classname="backend.tests.test_phase2_user_reader.TestReaderFlow" name="test_session_start_preview_chapter_zero_balance_ok" time="0.043" /><testcase classname="backend.tests.test_phase2_user_reader.TestReaderFlow" name="test_heartbeat_preview_never_deducts" time="0.092" /><testcase classname="backend.tests.test_phase2_user_reader.TestReaderFlow" name="test_heartbeat_visible_active_deducts_30s" time="0.465" /><testcase classname="backend.tests.test_phase2_user_reader.TestBlockUnblock" name="test_block_then_login_403_then_unblock" time="0.650" /></testsuite></testsuites>