<?xml version="1.0" encoding="utf-8"?><testsuites name="pytest tests"><testsuite name="pytest" errors="0" failures="0" skipped="0" tests="18" time="3.318" timestamp="2026-05-01T06:50:13.668696+00:00" hostname="agent-env-c7a4f515-5d03-4194-8e7b-10ad928178f8"><testcase classname="backend.tests.backend_test" name="test_categories" time="0.235" /><testcase classname="backend.tests.backend_test" name="test_featured" time="0.047" /><testcase classname="backend.tests.backend_test" name="test_books_list_and_detail" time="0.514" /><testcase classname="backend.tests.backend_test" name="test_blog_list_and_detail" time="0.090" /><testcase classname="backend.tests.backend_test" name="test_newsletter_subscribe_and_dedupe" time="0.093" /><testcase classname="backend.tests.backend_test" name="test_contact" time="0.075" /><testcase classname="backend.tests.backend_test" name="test_publishing_request" time="0.069" /><testcase classname="backend.tests.backend_test" name="test_login_success" time="0.268" /><testcase classname="backend.tests.backend_test" name="test_login_invalid" time="0.267" /><testcase classname="backend.tests.backend_test" name="test_me_requires_token" time="0.049" /><testcase classname="backend.tests.backend_test" name="test_me_with_token" time="0.312" /><testcase classname="backend.tests.backend_test" name="test_admin_lists_require_auth" time="0.274" /><testcase classname="backend.tests.backend_test" name="test_admin_lists_with_auth" time="0.233" /><testcase classname="backend.tests.backend_test" name="test_admin_book_crud" time="0.189" /><testcase classname="backend.tests.backend_test" name="test_admin_blog_crud" time="0.143" /><testcase classname="backend.tests.backend_test" name="test_admin_category_crud" time="0.139" /><testcase classname="backend.tests.backend_test" name="test_admin_featured" time="0.051" /><testcase classname="backend.tests.backend_test" name="test_admin_crud_no_auth" time="0.043" /></testsuite></testsuites>